
*** Running vivado
    with args -log CSSTE.vds -m64 -product Vivado -mode batch -messageDb vivado.pb -notrace -source CSSTE.tcl



****** Vivado v2022.2 (64-bit)
  **** SW Build 3671981 on Fri Oct 14 05:00:03 MDT 2022
  **** IP Build 3669848 on Fri Oct 14 08:30:02 MDT 2022
    ** Copyright 1986-2022 Xilinx, Inc. All Rights Reserved.

Sourcing tcl script 'D:/Vivado/Vivado/2022.2/scripts/Vivado_init.tcl'
source CSSTE.tcl -notrace
create_project: Time (s): cpu = 00:00:01 ; elapsed = 00:00:07 . Memory (MB): peak = 377.730 ; gain = 55.938
INFO: [IP_Flow 19-234] Refreshing IP repositories
INFO: [IP_Flow 19-1700] Loaded user IP repository 'd:/CS/ZJU_CO/OExp02-IP2SOC/OExp02-IP2SOC.srcs/sources_1/imports/ip'.
INFO: [IP_Flow 19-1700] Loaded user IP repository 'd:/CS/ZJU_CO/doc/Lab2-attachment/OExp02-IP2SOC/IP'.
INFO: [IP_Flow 19-2313] Loaded Vivado IP repository 'D:/Vivado/Vivado/2022.2/data/ip'.
Command: read_checkpoint -auto_incremental -incremental D:/CS/ZJU_CO/OExp02-IP2SOC/OExp02-IP2SOC.srcs/utils_1/imports/synth_1/CSSTE.dcp
INFO: [Vivado 12-5825] Read reference checkpoint from D:/CS/ZJU_CO/OExp02-IP2SOC/OExp02-IP2SOC.srcs/utils_1/imports/synth_1/CSSTE.dcp for incremental synthesis
INFO: [Vivado 12-7989] Please ensure there are no constraint changes
Command: synth_design -top CSSTE -part xc7a100tcsg324-1
Starting synth_design
Attempting to get a license for feature 'Synthesis' and/or device 'xc7a100t'
INFO: [Common 17-349] Got license for feature 'Synthesis' and/or device 'xc7a100t'
INFO: [Device 21-403] Loading part xc7a100tcsg324-1
INFO: [Designutils 20-5440] No compile time benefit to using incremental synthesis; A full resynthesis will be run
INFO: [Designutils 20-4379] Flow is switching to default flow due to incremental criteria not met. If you would like to alter this behaviour and have the flow terminate instead, please set the following parameter config_implementation {autoIncr.Synth.RejectBehavior Terminate}
INFO: [Synth 8-7079] Multithreading enabled for synth_design using a maximum of 4 processes.
INFO: [Synth 8-7078] Launching helper process for spawning children vivado processes
INFO: [Synth 8-7075] Helper process launched with PID 14832
INFO: [Synth 8-11241] undeclared symbol 'REGCCE', assumed default net type 'wire' [D:/Vivado/Vivado/2022.2/data/verilog/src/unimacro/BRAM_SINGLE_MACRO.v:2170]
INFO: [Synth 8-11241] undeclared symbol 'u4ram', assumed default net type 'wire' [D:/CS/ZJU_CO/OExp02-IP2SOC/OExp02-IP2SOC.srcs/sources_1/new/CSSTE.v:73]
---------------------------------------------------------------------------------
Starting RTL Elaboration : Time (s): cpu = 00:00:04 ; elapsed = 00:00:16 . Memory (MB): peak = 1213.277 ; gain = 408.688
---------------------------------------------------------------------------------

*** Running vivado
    with args -log CSSTE.vds -m64 -product Vivado -mode batch -messageDb vivado.pb -notrace -source CSSTE.tcl



****** Vivado v2022.2 (64-bit)
  **** SW Build 3671981 on Fri Oct 14 05:00:03 MDT 2022
  **** IP Build 3669848 on Fri Oct 14 08:30:02 MDT 2022
    ** Copyright 1986-2022 Xilinx, Inc. All Rights Reserved.

Sourcing tcl script 'D:/Vivado/Vivado/2022.2/scripts/Vivado_init.tcl'
source CSSTE.tcl -notrace
INFO: [IP_Flow 19-234] Refreshing IP repositories
INFO: [IP_Flow 19-1700] Loaded user IP repository 'd:/CS/ZJU_CO/OExp02-IP2SOC/OExp02-IP2SOC.srcs/sources_1/imports/ip'.
INFO: [IP_Flow 19-1700] Loaded user IP repository 'd:/CS/ZJU_CO/doc/Lab2-attachment/OExp02-IP2SOC/IP'.
INFO: [IP_Flow 19-2313] Loaded Vivado IP repository 'D:/Vivado/Vivado/2022.2/data/ip'.
Command: read_checkpoint -auto_incremental -incremental D:/CS/ZJU_CO/OExp02-IP2SOC/OExp02-IP2SOC.srcs/utils_1/imports/synth_1/CSSTE.dcp
INFO: [Vivado 12-5825] Read reference checkpoint from D:/CS/ZJU_CO/OExp02-IP2SOC/OExp02-IP2SOC.srcs/utils_1/imports/synth_1/CSSTE.dcp for incremental synthesis
INFO: [Vivado 12-7989] Please ensure there are no constraint changes
Command: synth_design -top CSSTE -part xc7a100tcsg324-1
Starting synth_design
Attempting to get a license for feature 'Synthesis' and/or device 'xc7a100t'
INFO: [Common 17-349] Got license for feature 'Synthesis' and/or device 'xc7a100t'
INFO: [Device 21-403] Loading part xc7a100tcsg324-1
INFO: [Designutils 20-5440] No compile time benefit to using incremental synthesis; A full resynthesis will be run
INFO: [Designutils 20-4379] Flow is switching to default flow due to incremental criteria not met. If you would like to alter this behaviour and have the flow terminate instead, please set the following parameter config_implementation {autoIncr.Synth.RejectBehavior Terminate}
INFO: [Synth 8-7079] Multithreading enabled for synth_design using a maximum of 4 processes.
INFO: [Synth 8-7078] Launching helper process for spawning children vivado processes
INFO: [Synth 8-7075] Helper process launched with PID 2948
INFO: [Synth 8-11241] undeclared symbol 'REGCCE', assumed default net type 'wire' [D:/Vivado/Vivado/2022.2/data/verilog/src/unimacro/BRAM_SINGLE_MACRO.v:2170]
INFO: [Synth 8-11241] undeclared symbol 'u4ram', assumed default net type 'wire' [D:/CS/ZJU_CO/OExp02-IP2SOC/OExp02-IP2SOC.srcs/sources_1/new/CSSTE.v:73]
---------------------------------------------------------------------------------
Starting RTL Elaboration : Time (s): cpu = 00:00:04 ; elapsed = 00:00:07 . Memory (MB): peak = 1215.035 ; gain = 409.039
---------------------------------------------------------------------------------
INFO: [Synth 8-6157] synthesizing module 'CSSTE' [D:/CS/ZJU_CO/OExp02-IP2SOC/OExp02-IP2SOC.srcs/sources_1/new/CSSTE.v:22]
INFO: [Synth 8-6157] synthesizing module 'SAnti_jitter' [D:/CS/ZJU_CO/OExp02-IP2SOC/OExp02-IP2SOC.srcs/sources_1/imports/IP/SAnti_jitter.v:15]
WARNING: [Synth 8-7071] port 'readn' of module 'SAnti_jitter' is unconnected for instance 'U9' [D:/CS/ZJU_CO/OExp02-IP2SOC/OExp02-IP2SOC.srcs/sources_1/new/CSSTE.v:63]
WARNING: [Synth 8-7071] port 'Key_x' of module 'SAnti_jitter' is unconnected for instance 'U9' [D:/CS/ZJU_CO/OExp02-IP2SOC/OExp02-IP2SOC.srcs/sources_1/new/CSSTE.v:63]
WARNING: [Synth 8-7071] port 'Key_out' of module 'SAnti_jitter' is unconnected for instance 'U9' [D:/CS/ZJU_CO/OExp02-IP2SOC/OExp02-IP2SOC.srcs/sources_1/new/CSSTE.v:63]
WARNING: [Synth 8-7071] port 'Key_ready' of module 'SAnti_jitter' is unconnected for instance 'U9' [D:/CS/ZJU_CO/OExp02-IP2SOC/OExp02-IP2SOC.srcs/sources_1/new/CSSTE.v:63]
WARNING: [Synth 8-7071] port 'pulse_out' of module 'SAnti_jitter' is unconnected for instance 'U9' [D:/CS/ZJU_CO/OExp02-IP2SOC/OExp02-IP2SOC.srcs/sources_1/new/CSSTE.v:63]
WARNING: [Synth 8-7071] port 'CR' of module 'SAnti_jitter' is unconnected for instance 'U9' [D:/CS/ZJU_CO/OExp02-IP2SOC/OExp02-IP2SOC.srcs/sources_1/new/CSSTE.v:63]
WARNING: [Synth 8-7023] instance 'U9' of module 'SAnti_jitter' has 13 connections declared, but only 7 given [D:/CS/ZJU_CO/OExp02-IP2SOC/OExp02-IP2SOC.srcs/sources_1/new/CSSTE.v:63]
INFO: [Synth 8-6157] synthesizing module 'clk_div' [D:/CS/ZJU_CO/OExp02-IP2SOC/OExp02-IP2SOC.srcs/sources_1/imports/IP/clk_div.v:15]
INFO: [Synth 8-6157] synthesizing module 'Counter_x' [D:/CS/ZJU_CO/OExp02-IP2SOC/OExp02-IP2SOC.srcs/sources_1/imports/IP/Counter_x.v:15]
INFO: [Synth 8-638] synthesizing module 'ROM_1' [d:/CS/ZJU_CO/OExp02-IP2SOC/OExp02-IP2SOC.gen/sources_1/ip/ROM_1/synth/ROM_1.vhd:66]
	Parameter C_FAMILY bound to: artix7 - type: string 
	Parameter C_ADDR_WIDTH bound to: 10 - type: integer 
	Parameter C_DEFAULT_DATA bound to: 0 - type: string 
	Parameter C_DEPTH bound to: 1024 - type: integer 
	Parameter C_HAS_CLK bound to: 0 - type: integer 
	Parameter C_HAS_D bound to: 0 - type: integer 
	Parameter C_HAS_DPO bound to: 0 - type: integer 
	Parameter C_HAS_DPRA bound to: 0 - type: integer 
	Parameter C_HAS_I_CE bound to: 0 - type: integer 
	Parameter C_HAS_QDPO bound to: 0 - type: integer 
	Parameter C_HAS_QDPO_CE bound to: 0 - type: integer 
	Parameter C_HAS_QDPO_CLK bound to: 0 - type: integer 
	Parameter C_HAS_QDPO_RST bound to: 0 - type: integer 
	Parameter C_HAS_QDPO_SRST bound to: 0 - type: integer 
	Parameter C_HAS_QSPO bound to: 0 - type: integer 
	Parameter C_HAS_QSPO_CE bound to: 0 - type: integer 
	Parameter C_HAS_QSPO_RST bound to: 0 - type: integer 
	Parameter C_HAS_QSPO_SRST bound to: 0 - type: integer 
	Parameter C_HAS_SPO bound to: 1 - type: integer 
	Parameter C_HAS_WE bound to: 0 - type: integer 
	Parameter C_MEM_INIT_FILE bound to: ROM_1.mif - type: string 
	Parameter C_ELABORATION_DIR bound to: ./ - type: string 
	Parameter C_MEM_TYPE bound to: 0 - type: integer 
	Parameter C_PIPELINE_STAGES bound to: 0 - type: integer 
	Parameter C_QCE_JOINED bound to: 0 - type: integer 
	Parameter C_QUALIFY_WE bound to: 0 - type: integer 
	Parameter C_READ_MIF bound to: 1 - type: integer 
	Parameter C_REG_A_D_INPUTS bound to: 0 - type: integer 
	Parameter C_REG_DPRA_INPUT bound to: 0 - type: integer 
	Parameter C_SYNC_ENABLE bound to: 1 - type: integer 
	Parameter C_WIDTH bound to: 32 - type: integer 
	Parameter C_PARSER_TYPE bound to: 1 - type: integer 
INFO: [Synth 8-3491] module 'dist_mem_gen_v8_0_13' declared at 'd:/CS/ZJU_CO/OExp02-IP2SOC/OExp02-IP2SOC.gen/sources_1/ip/ROM_1/hdl/dist_mem_gen_v8_0_vhsyn_rfs.vhd:3237' bound to instance 'U0' of component 'dist_mem_gen_v8_0_13' [d:/CS/ZJU_CO/OExp02-IP2SOC/OExp02-IP2SOC.gen/sources_1/ip/ROM_1/synth/ROM_1.vhd:132]
INFO: [Synth 8-256] done synthesizing module 'ROM_1' (0#1) [d:/CS/ZJU_CO/OExp02-IP2SOC/OExp02-IP2SOC.gen/sources_1/ip/ROM_1/synth/ROM_1.vhd:66]
INFO: [Synth 8-6157] synthesizing module 'SCPU_W' [D:/CS/ZJU_CO/OExp02-IP2SOC/OExp02-IP2SOC.srcs/sources_1/new/SCPU_W.v:23]
INFO: [Synth 8-6157] synthesizing module 'SCPU_ctrl' [D:/CS/ZJU_CO/OExp02-IP2SOC/OExp02-IP2SOC.srcs/sources_1/imports/Lab4-0-attachment/SCPU_ctrl.v:15]
INFO: [Synth 8-6157] synthesizing module 'DataPath' [D:/CS/ZJU_CO/OExp02-IP2SOC/OExp02-IP2SOC.srcs/sources_1/imports/Lab4-0-attachment/DataPath.v:15]
INFO: [Synth 8-6155] done synthesizing module 'SCPU_W' (0#1) [D:/CS/ZJU_CO/OExp02-IP2SOC/OExp02-IP2SOC.srcs/sources_1/new/SCPU_W.v:23]
WARNING: [Synth 8-7071] port 'MIO_ready' of module 'SCPU_W' is unconnected for instance 'U1' [D:/CS/ZJU_CO/OExp02-IP2SOC/OExp02-IP2SOC.srcs/sources_1/new/CSSTE.v:71]
WARNING: [Synth 8-7071] port 'CPU_MIO' of module 'SCPU_W' is unconnected for instance 'U1' [D:/CS/ZJU_CO/OExp02-IP2SOC/OExp02-IP2SOC.srcs/sources_1/new/CSSTE.v:71]
WARNING: [Synth 8-7023] instance 'U1' of module 'SCPU_W' has 10 connections declared, but only 8 given [D:/CS/ZJU_CO/OExp02-IP2SOC/OExp02-IP2SOC.srcs/sources_1/new/CSSTE.v:71]
INFO: [Synth 8-638] synthesizing module 'RAM_1' [d:/CS/ZJU_CO/OExp02-IP2SOC/OExp02-IP2SOC.gen/sources_1/ip/RAM_1/synth/RAM_1.vhd:69]
	Parameter C_FAMILY bound to: artix7 - type: string 
	Parameter C_XDEVICEFAMILY bound to: artix7 - type: string 
	Parameter C_ELABORATION_DIR bound to: ./ - type: string 
	Parameter C_INTERFACE_TYPE bound to: 0 - type: integer 
	Parameter C_AXI_TYPE bound to: 1 - type: integer 
	Parameter C_AXI_SLAVE_TYPE bound to: 0 - type: integer 
	Parameter C_USE_BRAM_BLOCK bound to: 0 - type: integer 
	Parameter C_ENABLE_32BIT_ADDRESS bound to: 0 - type: integer 
	Parameter C_CTRL_ECC_ALGO bound to: NONE - type: string 
	Parameter C_HAS_AXI_ID bound to: 0 - type: integer 
	Parameter C_AXI_ID_WIDTH bound to: 4 - type: integer 
	Parameter C_MEM_TYPE bound to: 0 - type: integer 
	Parameter C_BYTE_SIZE bound to: 9 - type: integer 
	Parameter C_ALGORITHM bound to: 1 - type: integer 
	Parameter C_PRIM_TYPE bound to: 1 - type: integer 
	Parameter C_LOAD_INIT_FILE bound to: 1 - type: integer 
	Parameter C_INIT_FILE_NAME bound to: RAM_1.mif - type: string 
	Parameter C_INIT_FILE bound to: RAM_1.mem - type: string 
	Parameter C_USE_DEFAULT_DATA bound to: 0 - type: integer 
	Parameter C_DEFAULT_DATA bound to: 0 - type: string 
	Parameter C_HAS_RSTA bound to: 0 - type: integer 
	Parameter C_RST_PRIORITY_A bound to: CE - type: string 
	Parameter C_RSTRAM_A bound to: 0 - type: integer 
	Parameter C_INITA_VAL bound to: 0 - type: string 
	Parameter C_HAS_ENA bound to: 0 - type: integer 
	Parameter C_HAS_REGCEA bound to: 0 - type: integer 
	Parameter C_USE_BYTE_WEA bound to: 0 - type: integer 
	Parameter C_WEA_WIDTH bound to: 1 - type: integer 
	Parameter C_WRITE_MODE_A bound to: WRITE_FIRST - type: string 
	Parameter C_WRITE_WIDTH_A bound to: 32 - type: integer 
	Parameter C_READ_WIDTH_A bound to: 32 - type: integer 
	Parameter C_WRITE_DEPTH_A bound to: 1024 - type: integer 
	Parameter C_READ_DEPTH_A bound to: 1024 - type: integer 
	Parameter C_ADDRA_WIDTH bound to: 10 - type: integer 
	Parameter C_HAS_RSTB bound to: 0 - type: integer 
	Parameter C_RST_PRIORITY_B bound to: CE - type: string 
	Parameter C_RSTRAM_B bound to: 0 - type: integer 
	Parameter C_INITB_VAL bound to: 0 - type: string 
	Parameter C_HAS_ENB bound to: 0 - type: integer 
	Parameter C_HAS_REGCEB bound to: 0 - type: integer 
	Parameter C_USE_BYTE_WEB bound to: 0 - type: integer 
	Parameter C_WEB_WIDTH bound to: 1 - type: integer 
	Parameter C_WRITE_MODE_B bound to: WRITE_FIRST - type: string 
	Parameter C_WRITE_WIDTH_B bound to: 32 - type: integer 
	Parameter C_READ_WIDTH_B bound to: 32 - type: integer 
	Parameter C_WRITE_DEPTH_B bound to: 1024 - type: integer 
	Parameter C_READ_DEPTH_B bound to: 1024 - type: integer 
	Parameter C_ADDRB_WIDTH bound to: 10 - type: integer 
	Parameter C_HAS_MEM_OUTPUT_REGS_A bound to: 0 - type: integer 
	Parameter C_HAS_MEM_OUTPUT_REGS_B bound to: 0 - type: integer 
	Parameter C_HAS_MUX_OUTPUT_REGS_A bound to: 0 - type: integer 
	Parameter C_HAS_MUX_OUTPUT_REGS_B bound to: 0 - type: integer 
	Parameter C_MUX_PIPELINE_STAGES bound to: 0 - type: integer 
	Parameter C_HAS_SOFTECC_INPUT_REGS_A bound to: 0 - type: integer 
	Parameter C_HAS_SOFTECC_OUTPUT_REGS_B bound to: 0 - type: integer 
	Parameter C_USE_SOFTECC bound to: 0 - type: integer 
	Parameter C_USE_ECC bound to: 0 - type: integer 
	Parameter C_EN_ECC_PIPE bound to: 0 - type: integer 
	Parameter C_READ_LATENCY_A bound to: 1 - type: integer 
	Parameter C_READ_LATENCY_B bound to: 1 - type: integer 
	Parameter C_HAS_INJECTERR bound to: 0 - type: integer 
	Parameter C_SIM_COLLISION_CHECK bound to: ALL - type: string 
	Parameter C_COMMON_CLK bound to: 0 - type: integer 
	Parameter C_DISABLE_WARN_BHV_COLL bound to: 0 - type: integer 
	Parameter C_EN_SLEEP_PIN bound to: 0 - type: integer 
	Parameter C_USE_URAM bound to: 0 - type: integer 
	Parameter C_EN_RDADDRA_CHG bound to: 0 - type: integer 
	Parameter C_EN_RDADDRB_CHG bound to: 0 - type: integer 
	Parameter C_EN_DEEPSLEEP_PIN bound to: 0 - type: integer 
	Parameter C_EN_SHUTDOWN_PIN bound to: 0 - type: integer 
	Parameter C_EN_SAFETY_CKT bound to: 0 - type: integer 
	Parameter C_DISABLE_WARN_BHV_RANGE bound to: 0 - type: integer 
	Parameter C_COUNT_36K_BRAM bound to: 1 - type: string 
	Parameter C_COUNT_18K_BRAM bound to: 0 - type: string 
	Parameter C_EST_POWER_SUMMARY bound to: Estimated Power for IP     :     2.95215 mW - type: string 
INFO: [Synth 8-3491] module 'blk_mem_gen_v8_4_5' declared at 'd:/CS/ZJU_CO/OExp02-IP2SOC/OExp02-IP2SOC.gen/sources_1/ip/RAM_1/hdl/blk_mem_gen_v8_4_vhsyn_rfs.vhd:195321' bound to instance 'U0' of component 'blk_mem_gen_v8_4_5' [d:/CS/ZJU_CO/OExp02-IP2SOC/OExp02-IP2SOC.gen/sources_1/ip/RAM_1/synth/RAM_1.vhd:234]
INFO: [Synth 8-256] done synthesizing module 'RAM_1' (0#1) [d:/CS/ZJU_CO/OExp02-IP2SOC/OExp02-IP2SOC.gen/sources_1/ip/RAM_1/synth/RAM_1.vhd:69]
INFO: [Synth 8-6157] synthesizing module 'MIO_BUS' [D:/CS/ZJU_CO/OExp02-IP2SOC/OExp02-IP2SOC.srcs/sources_1/imports/IP/MIO_BUS.v:15]
INFO: [Synth 8-6157] synthesizing module 'Multi_8CH32' [D:/CS/ZJU_CO/OExp02-IP2SOC/OExp02-IP2SOC.srcs/sources_1/imports/IP/Multi_8CH32.v:15]
INFO: [Synth 8-6157] synthesizing module 'Seg7_Dev_0' [d:/CS/ZJU_CO/OExp02-IP2SOC/OExp02-IP2SOC.gen/sources_1/ip/Seg7_Dev_0/synth/Seg7_Dev_0.v:53]
INFO: [Synth 8-6157] synthesizing module 'Seg7_Dev' [d:/CS/ZJU_CO/OExp02-IP2SOC/OExp02-IP2SOC.gen/sources_1/ip/Seg7_Dev_0/Seg7_Dev.v:23]
INFO: [Synth 8-6157] synthesizing module 'dispsync' [d:/CS/ZJU_CO/OExp02-IP2SOC/OExp02-IP2SOC.gen/sources_1/ip/Seg7_Dev_0/DisplaySync.v:23]
INFO: [Synth 8-6155] done synthesizing module 'dispsync' (0#1) [d:/CS/ZJU_CO/OExp02-IP2SOC/OExp02-IP2SOC.gen/sources_1/ip/Seg7_Dev_0/DisplaySync.v:23]
INFO: [Synth 8-6157] synthesizing module 'MC_14495' [d:/CS/ZJU_CO/OExp02-IP2SOC/OExp02-IP2SOC.gen/sources_1/ip/Seg7_Dev_0/MC_14495.v:23]
INFO: [Synth 8-6157] synthesizing module 'INV' [D:/Vivado/Vivado/2022.2/scripts/rt/data/unisim_comp.v:75824]
INFO: [Synth 8-6155] done synthesizing module 'INV' (0#1) [D:/Vivado/Vivado/2022.2/scripts/rt/data/unisim_comp.v:75824]
INFO: [Synth 8-6157] synthesizing module 'AND4' [D:/Vivado/Vivado/2022.2/scripts/rt/data/unisim_comp.v:569]
INFO: [Synth 8-6155] done synthesizing module 'AND4' (0#1) [D:/Vivado/Vivado/2022.2/scripts/rt/data/unisim_comp.v:569]
INFO: [Synth 8-6157] synthesizing module 'OR4' [D:/Vivado/Vivado/2022.2/scripts/rt/data/unisim_comp.v:94593]
INFO: [Synth 8-6155] done synthesizing module 'OR4' (0#1) [D:/Vivado/Vivado/2022.2/scripts/rt/data/unisim_comp.v:94593]
INFO: [Synth 8-6157] synthesizing module 'AND3' [D:/Vivado/Vivado/2022.2/scripts/rt/data/unisim_comp.v:521]
INFO: [Synth 8-6155] done synthesizing module 'AND3' (0#1) [D:/Vivado/Vivado/2022.2/scripts/rt/data/unisim_comp.v:521]
INFO: [Synth 8-6157] synthesizing module 'OR3' [D:/Vivado/Vivado/2022.2/scripts/rt/data/unisim_comp.v:94545]
INFO: [Synth 8-6155] done synthesizing module 'OR3' (0#1) [D:/Vivado/Vivado/2022.2/scripts/rt/data/unisim_comp.v:94545]
INFO: [Synth 8-6157] synthesizing module 'AND2' [D:/Vivado/Vivado/2022.2/scripts/rt/data/unisim_comp.v:473]
INFO: [Synth 8-6155] done synthesizing module 'AND2' (0#1) [D:/Vivado/Vivado/2022.2/scripts/rt/data/unisim_comp.v:473]
INFO: [Synth 8-6157] synthesizing module 'OR2' [D:/Vivado/Vivado/2022.2/scripts/rt/data/unisim_comp.v:94499]
INFO: [Synth 8-6155] done synthesizing module 'OR2' (0#1) [D:/Vivado/Vivado/2022.2/scripts/rt/data/unisim_comp.v:94499]
INFO: [Synth 8-6155] done synthesizing module 'MC_14495' (0#1) [d:/CS/ZJU_CO/OExp02-IP2SOC/OExp02-IP2SOC.gen/sources_1/ip/Seg7_Dev_0/MC_14495.v:23]
INFO: [Synth 8-6155] done synthesizing module 'Seg7_Dev' (0#1) [d:/CS/ZJU_CO/OExp02-IP2SOC/OExp02-IP2SOC.gen/sources_1/ip/Seg7_Dev_0/Seg7_Dev.v:23]
INFO: [Synth 8-6155] done synthesizing module 'Seg7_Dev_0' (0#1) [d:/CS/ZJU_CO/OExp02-IP2SOC/OExp02-IP2SOC.gen/sources_1/ip/Seg7_Dev_0/synth/Seg7_Dev_0.v:53]
INFO: [Synth 8-6157] synthesizing module 'SPIO' [D:/CS/ZJU_CO/OExp02-IP2SOC/OExp02-IP2SOC.srcs/sources_1/imports/IP/SPIO.v:15]
WARNING: [Synth 8-7071] port 'led_clk' of module 'SPIO' is unconnected for instance 'U7' [D:/CS/ZJU_CO/OExp02-IP2SOC/OExp02-IP2SOC.srcs/sources_1/new/CSSTE.v:81]
WARNING: [Synth 8-7071] port 'led_sout' of module 'SPIO' is unconnected for instance 'U7' [D:/CS/ZJU_CO/OExp02-IP2SOC/OExp02-IP2SOC.srcs/sources_1/new/CSSTE.v:81]
WARNING: [Synth 8-7071] port 'led_clrn' of module 'SPIO' is unconnected for instance 'U7' [D:/CS/ZJU_CO/OExp02-IP2SOC/OExp02-IP2SOC.srcs/sources_1/new/CSSTE.v:81]
WARNING: [Synth 8-7071] port 'LED_PEN' of module 'SPIO' is unconnected for instance 'U7' [D:/CS/ZJU_CO/OExp02-IP2SOC/OExp02-IP2SOC.srcs/sources_1/new/CSSTE.v:81]
WARNING: [Synth 8-7071] port 'GPIOf0' of module 'SPIO' is unconnected for instance 'U7' [D:/CS/ZJU_CO/OExp02-IP2SOC/OExp02-IP2SOC.srcs/sources_1/new/CSSTE.v:81]
WARNING: [Synth 8-7023] instance 'U7' of module 'SPIO' has 12 connections declared, but only 7 given [D:/CS/ZJU_CO/OExp02-IP2SOC/OExp02-IP2SOC.srcs/sources_1/new/CSSTE.v:81]
INFO: [Synth 8-6157] synthesizing module 'UART' [D:/CS/ZJU_CO/OExp02-IP2SOC/OExp02-IP2SOC.srcs/sources_1/imports/UART/UART.v:23]
INFO: [Synth 8-6157] synthesizing module 'uart_display' [D:/CS/ZJU_CO/OExp02-IP2SOC/OExp02-IP2SOC.srcs/sources_1/imports/UART/uart_display.v:23]
INFO: [Synth 8-6157] synthesizing module 'string_to_print' [D:/CS/ZJU_CO/OExp02-IP2SOC/OExp02-IP2SOC.srcs/sources_1/imports/UART/string_to_print.v:1]
INFO: [Synth 8-6157] synthesizing module 'hex_to_ascii' [D:/CS/ZJU_CO/OExp02-IP2SOC/OExp02-IP2SOC.srcs/sources_1/imports/UART/string_to_print.v:597]
INFO: [Synth 8-6155] done synthesizing module 'hex_to_ascii' (0#1) [D:/CS/ZJU_CO/OExp02-IP2SOC/OExp02-IP2SOC.srcs/sources_1/imports/UART/string_to_print.v:597]
INFO: [Synth 8-6155] done synthesizing module 'string_to_print' (0#1) [D:/CS/ZJU_CO/OExp02-IP2SOC/OExp02-IP2SOC.srcs/sources_1/imports/UART/string_to_print.v:1]
INFO: [Synth 8-155] case statement is not full and has no default [D:/CS/ZJU_CO/OExp02-IP2SOC/OExp02-IP2SOC.srcs/sources_1/imports/UART/uart_display.v:149]
INFO: [Synth 8-6157] synthesizing module 'uart_tx' [D:/CS/ZJU_CO/OExp02-IP2SOC/OExp02-IP2SOC.srcs/sources_1/imports/UART/uart_tx.v:52]
	Parameter baud_rate bound to: 9600 - type: integer 
	Parameter sys_clk_freq bound to: 100000000 - type: integer 
INFO: [Synth 8-6155] done synthesizing module 'uart_tx' (0#1) [D:/CS/ZJU_CO/OExp02-IP2SOC/OExp02-IP2SOC.srcs/sources_1/imports/UART/uart_tx.v:52]
INFO: [Synth 8-6155] done synthesizing module 'uart_display' (0#1) [D:/CS/ZJU_CO/OExp02-IP2SOC/OExp02-IP2SOC.srcs/sources_1/imports/UART/uart_display.v:23]
INFO: [Synth 8-6155] done synthesizing module 'UART' (0#1) [D:/CS/ZJU_CO/OExp02-IP2SOC/OExp02-IP2SOC.srcs/sources_1/imports/UART/UART.v:23]
WARNING: [Synth 8-7071] port 'x0' of module 'UART' is unconnected for instance 'uart_inst' [D:/CS/ZJU_CO/OExp02-IP2SOC/OExp02-IP2SOC.srcs/sources_1/new/CSSTE.v:85]
WARNING: [Synth 8-7071] port 'ra' of module 'UART' is unconnected for instance 'uart_inst' [D:/CS/ZJU_CO/OExp02-IP2SOC/OExp02-IP2SOC.srcs/sources_1/new/CSSTE.v:85]
WARNING: [Synth 8-7071] port 'sp' of module 'UART' is unconnected for instance 'uart_inst' [D:/CS/ZJU_CO/OExp02-IP2SOC/OExp02-IP2SOC.srcs/sources_1/new/CSSTE.v:85]
WARNING: [Synth 8-7071] port 'gp' of module 'UART' is unconnected for instance 'uart_inst' [D:/CS/ZJU_CO/OExp02-IP2SOC/OExp02-IP2SOC.srcs/sources_1/new/CSSTE.v:85]
WARNING: [Synth 8-7071] port 'tp' of module 'UART' is unconnected for instance 'uart_inst' [D:/CS/ZJU_CO/OExp02-IP2SOC/OExp02-IP2SOC.srcs/sources_1/new/CSSTE.v:85]
WARNING: [Synth 8-7071] port 't0' of module 'UART' is unconnected for instance 'uart_inst' [D:/CS/ZJU_CO/OExp02-IP2SOC/OExp02-IP2SOC.srcs/sources_1/new/CSSTE.v:85]
WARNING: [Synth 8-7071] port 't1' of module 'UART' is unconnected for instance 'uart_inst' [D:/CS/ZJU_CO/OExp02-IP2SOC/OExp02-IP2SOC.srcs/sources_1/new/CSSTE.v:85]
WARNING: [Synth 8-7071] port 't2' of module 'UART' is unconnected for instance 'uart_inst' [D:/CS/ZJU_CO/OExp02-IP2SOC/OExp02-IP2SOC.srcs/sources_1/new/CSSTE.v:85]
WARNING: [Synth 8-7071] port 's0' of module 'UART' is unconnected for instance 'uart_inst' [D:/CS/ZJU_CO/OExp02-IP2SOC/OExp02-IP2SOC.srcs/sources_1/new/CSSTE.v:85]
WARNING: [Synth 8-7071] port 's1' of module 'UART' is unconnected for instance 'uart_inst' [D:/CS/ZJU_CO/OExp02-IP2SOC/OExp02-IP2SOC.srcs/sources_1/new/CSSTE.v:85]
WARNING: [Synth 8-7071] port 'a0' of module 'UART' is unconnected for instance 'uart_inst' [D:/CS/ZJU_CO/OExp02-IP2SOC/OExp02-IP2SOC.srcs/sources_1/new/CSSTE.v:85]
WARNING: [Synth 8-7071] port 'a1' of module 'UART' is unconnected for instance 'uart_inst' [D:/CS/ZJU_CO/OExp02-IP2SOC/OExp02-IP2SOC.srcs/sources_1/new/CSSTE.v:85]
WARNING: [Synth 8-7071] port 'a2' of module 'UART' is unconnected for instance 'uart_inst' [D:/CS/ZJU_CO/OExp02-IP2SOC/OExp02-IP2SOC.srcs/sources_1/new/CSSTE.v:85]
WARNING: [Synth 8-7071] port 'a3' of module 'UART' is unconnected for instance 'uart_inst' [D:/CS/ZJU_CO/OExp02-IP2SOC/OExp02-IP2SOC.srcs/sources_1/new/CSSTE.v:85]
WARNING: [Synth 8-7071] port 'a4' of module 'UART' is unconnected for instance 'uart_inst' [D:/CS/ZJU_CO/OExp02-IP2SOC/OExp02-IP2SOC.srcs/sources_1/new/CSSTE.v:85]
WARNING: [Synth 8-7071] port 'a5' of module 'UART' is unconnected for instance 'uart_inst' [D:/CS/ZJU_CO/OExp02-IP2SOC/OExp02-IP2SOC.srcs/sources_1/new/CSSTE.v:85]
WARNING: [Synth 8-7071] port 'a6' of module 'UART' is unconnected for instance 'uart_inst' [D:/CS/ZJU_CO/OExp02-IP2SOC/OExp02-IP2SOC.srcs/sources_1/new/CSSTE.v:85]
WARNING: [Synth 8-7071] port 'a7' of module 'UART' is unconnected for instance 'uart_inst' [D:/CS/ZJU_CO/OExp02-IP2SOC/OExp02-IP2SOC.srcs/sources_1/new/CSSTE.v:85]
WARNING: [Synth 8-7071] port 's2' of module 'UART' is unconnected for instance 'uart_inst' [D:/CS/ZJU_CO/OExp02-IP2SOC/OExp02-IP2SOC.srcs/sources_1/new/CSSTE.v:85]
WARNING: [Synth 8-7071] port 's3' of module 'UART' is unconnected for instance 'uart_inst' [D:/CS/ZJU_CO/OExp02-IP2SOC/OExp02-IP2SOC.srcs/sources_1/new/CSSTE.v:85]
WARNING: [Synth 8-7071] port 's4' of module 'UART' is unconnected for instance 'uart_inst' [D:/CS/ZJU_CO/OExp02-IP2SOC/OExp02-IP2SOC.srcs/sources_1/new/CSSTE.v:85]
WARNING: [Synth 8-7071] port 's5' of module 'UART' is unconnected for instance 'uart_inst' [D:/CS/ZJU_CO/OExp02-IP2SOC/OExp02-IP2SOC.srcs/sources_1/new/CSSTE.v:85]
WARNING: [Synth 8-7071] port 's6' of module 'UART' is unconnected for instance 'uart_inst' [D:/CS/ZJU_CO/OExp02-IP2SOC/OExp02-IP2SOC.srcs/sources_1/new/CSSTE.v:85]
WARNING: [Synth 8-7071] port 's7' of module 'UART' is unconnected for instance 'uart_inst' [D:/CS/ZJU_CO/OExp02-IP2SOC/OExp02-IP2SOC.srcs/sources_1/new/CSSTE.v:85]
WARNING: [Synth 8-7071] port 's8' of module 'UART' is unconnected for instance 'uart_inst' [D:/CS/ZJU_CO/OExp02-IP2SOC/OExp02-IP2SOC.srcs/sources_1/new/CSSTE.v:85]
WARNING: [Synth 8-7071] port 's9' of module 'UART' is unconnected for instance 'uart_inst' [D:/CS/ZJU_CO/OExp02-IP2SOC/OExp02-IP2SOC.srcs/sources_1/new/CSSTE.v:85]
WARNING: [Synth 8-7071] port 's10' of module 'UART' is unconnected for instance 'uart_inst' [D:/CS/ZJU_CO/OExp02-IP2SOC/OExp02-IP2SOC.srcs/sources_1/new/CSSTE.v:85]
WARNING: [Synth 8-7071] port 's11' of module 'UART' is unconnected for instance 'uart_inst' [D:/CS/ZJU_CO/OExp02-IP2SOC/OExp02-IP2SOC.srcs/sources_1/new/CSSTE.v:85]
WARNING: [Synth 8-7071] port 't3' of module 'UART' is unconnected for instance 'uart_inst' [D:/CS/ZJU_CO/OExp02-IP2SOC/OExp02-IP2SOC.srcs/sources_1/new/CSSTE.v:85]
WARNING: [Synth 8-7071] port 't4' of module 'UART' is unconnected for instance 'uart_inst' [D:/CS/ZJU_CO/OExp02-IP2SOC/OExp02-IP2SOC.srcs/sources_1/new/CSSTE.v:85]
WARNING: [Synth 8-7071] port 't5' of module 'UART' is unconnected for instance 'uart_inst' [D:/CS/ZJU_CO/OExp02-IP2SOC/OExp02-IP2SOC.srcs/sources_1/new/CSSTE.v:85]
WARNING: [Synth 8-7071] port 't6' of module 'UART' is unconnected for instance 'uart_inst' [D:/CS/ZJU_CO/OExp02-IP2SOC/OExp02-IP2SOC.srcs/sources_1/new/CSSTE.v:85]
WARNING: [Synth 8-7023] instance 'uart_inst' of module 'UART' has 37 connections declared, but only 5 given [D:/CS/ZJU_CO/OExp02-IP2SOC/OExp02-IP2SOC.srcs/sources_1/new/CSSTE.v:85]
INFO: [Synth 8-6155] done synthesizing module 'CSSTE' (0#1) [D:/CS/ZJU_CO/OExp02-IP2SOC/OExp02-IP2SOC.srcs/sources_1/new/CSSTE.v:22]
WARNING: [Synth 8-6014] Unused sequential element rst_char_wait_count_reg was removed.  [D:/CS/ZJU_CO/OExp02-IP2SOC/OExp02-IP2SOC.srcs/sources_1/imports/UART/uart_display.v:314]
WARNING: [Synth 8-3848] Net is_transmitting in module/entity uart_display does not have driver. [D:/CS/ZJU_CO/OExp02-IP2SOC/OExp02-IP2SOC.srcs/sources_1/imports/UART/uart_display.v:96]
WARNING: [Synth 8-3848] Net rst_is_transmitting in module/entity uart_display does not have driver. [D:/CS/ZJU_CO/OExp02-IP2SOC/OExp02-IP2SOC.srcs/sources_1/imports/UART/uart_display.v:96]
WARNING: [Synth 8-3848] Net Blue in module/entity CSSTE does not have driver. [D:/CS/ZJU_CO/OExp02-IP2SOC/OExp02-IP2SOC.srcs/sources_1/new/CSSTE.v:27]
WARNING: [Synth 8-3848] Net Green in module/entity CSSTE does not have driver. [D:/CS/ZJU_CO/OExp02-IP2SOC/OExp02-IP2SOC.srcs/sources_1/new/CSSTE.v:28]
WARNING: [Synth 8-3848] Net Red in module/entity CSSTE does not have driver. [D:/CS/ZJU_CO/OExp02-IP2SOC/OExp02-IP2SOC.srcs/sources_1/new/CSSTE.v:29]
WARNING: [Synth 8-3848] Net HSYNC in module/entity CSSTE does not have driver. [D:/CS/ZJU_CO/OExp02-IP2SOC/OExp02-IP2SOC.srcs/sources_1/new/CSSTE.v:30]
WARNING: [Synth 8-3848] Net VSYNC in module/entity CSSTE does not have driver. [D:/CS/ZJU_CO/OExp02-IP2SOC/OExp02-IP2SOC.srcs/sources_1/new/CSSTE.v:31]
WARNING: [Synth 8-3848] Net u4ram in module/entity CSSTE does not have driver. [D:/CS/ZJU_CO/OExp02-IP2SOC/OExp02-IP2SOC.srcs/sources_1/new/CSSTE.v:73]
WARNING: [Synth 8-7129] Port str_idx[11] in module string_to_print is either unconnected or has no load
WARNING: [Synth 8-7129] Port str_idx[10] in module string_to_print is either unconnected or has no load
WARNING: [Synth 8-7129] Port CLKB in module blk_mem_output_block is either unconnected or has no load
WARNING: [Synth 8-7129] Port DOUTB_I[31] in module blk_mem_output_block is either unconnected or has no load
WARNING: [Synth 8-7129] Port DOUTB_I[30] in module blk_mem_output_block is either unconnected or has no load
WARNING: [Synth 8-7129] Port DOUTB_I[29] in module blk_mem_output_block is either unconnected or has no load
WARNING: [Synth 8-7129] Port DOUTB_I[28] in module blk_mem_output_block is either unconnected or has no load
WARNING: [Synth 8-7129] Port DOUTB_I[27] in module blk_mem_output_block is either unconnected or has no load
WARNING: [Synth 8-7129] Port DOUTB_I[26] in module blk_mem_output_block is either unconnected or has no load
WARNING: [Synth 8-7129] Port DOUTB_I[25] in module blk_mem_output_block is either unconnected or has no load
WARNING: [Synth 8-7129] Port DOUTB_I[24] in module blk_mem_output_block is either unconnected or has no load
WARNING: [Synth 8-7129] Port DOUTB_I[23] in module blk_mem_output_block is either unconnected or has no load
WARNING: [Synth 8-7129] Port DOUTB_I[22] in module blk_mem_output_block is either unconnected or has no load
WARNING: [Synth 8-7129] Port DOUTB_I[21] in module blk_mem_output_block is either unconnected or has no load
WARNING: [Synth 8-7129] Port DOUTB_I[20] in module blk_mem_output_block is either unconnected or has no load
WARNING: [Synth 8-7129] Port DOUTB_I[19] in module blk_mem_output_block is either unconnected or has no load
WARNING: [Synth 8-7129] Port DOUTB_I[18] in module blk_mem_output_block is either unconnected or has no load
WARNING: [Synth 8-7129] Port DOUTB_I[17] in module blk_mem_output_block is either unconnected or has no load
WARNING: [Synth 8-7129] Port DOUTB_I[16] in module blk_mem_output_block is either unconnected or has no load
WARNING: [Synth 8-7129] Port DOUTB_I[15] in module blk_mem_output_block is either unconnected or has no load
WARNING: [Synth 8-7129] Port DOUTB_I[14] in module blk_mem_output_block is either unconnected or has no load
WARNING: [Synth 8-7129] Port DOUTB_I[13] in module blk_mem_output_block is either unconnected or has no load
WARNING: [Synth 8-7129] Port DOUTB_I[12] in module blk_mem_output_block is either unconnected or has no load
WARNING: [Synth 8-7129] Port DOUTB_I[11] in module blk_mem_output_block is either unconnected or has no load
WARNING: [Synth 8-7129] Port DOUTB_I[10] in module blk_mem_output_block is either unconnected or has no load
WARNING: [Synth 8-7129] Port DOUTB_I[9] in module blk_mem_output_block is either unconnected or has no load
WARNING: [Synth 8-7129] Port DOUTB_I[8] in module blk_mem_output_block is either unconnected or has no load
WARNING: [Synth 8-7129] Port DOUTB_I[7] in module blk_mem_output_block is either unconnected or has no load
WARNING: [Synth 8-7129] Port DOUTB_I[6] in module blk_mem_output_block is either unconnected or has no load
WARNING: [Synth 8-7129] Port DOUTB_I[5] in module blk_mem_output_block is either unconnected or has no load
WARNING: [Synth 8-7129] Port DOUTB_I[4] in module blk_mem_output_block is either unconnected or has no load
WARNING: [Synth 8-7129] Port DOUTB_I[3] in module blk_mem_output_block is either unconnected or has no load
WARNING: [Synth 8-7129] Port DOUTB_I[2] in module blk_mem_output_block is either unconnected or has no load
WARNING: [Synth 8-7129] Port DOUTB_I[1] in module blk_mem_output_block is either unconnected or has no load
WARNING: [Synth 8-7129] Port DOUTB_I[0] in module blk_mem_output_block is either unconnected or has no load
WARNING: [Synth 8-7129] Port SBITERR_I in module blk_mem_output_block is either unconnected or has no load
WARNING: [Synth 8-7129] Port DBITERR_I in module blk_mem_output_block is either unconnected or has no load
WARNING: [Synth 8-7129] Port RDADDRECC_I[9] in module blk_mem_output_block is either unconnected or has no load
WARNING: [Synth 8-7129] Port RDADDRECC_I[8] in module blk_mem_output_block is either unconnected or has no load
WARNING: [Synth 8-7129] Port RDADDRECC_I[7] in module blk_mem_output_block is either unconnected or has no load
WARNING: [Synth 8-7129] Port RDADDRECC_I[6] in module blk_mem_output_block is either unconnected or has no load
WARNING: [Synth 8-7129] Port RDADDRECC_I[5] in module blk_mem_output_block is either unconnected or has no load
WARNING: [Synth 8-7129] Port RDADDRECC_I[4] in module blk_mem_output_block is either unconnected or has no load
WARNING: [Synth 8-7129] Port RDADDRECC_I[3] in module blk_mem_output_block is either unconnected or has no load
WARNING: [Synth 8-7129] Port RDADDRECC_I[2] in module blk_mem_output_block is either unconnected or has no load
WARNING: [Synth 8-7129] Port RDADDRECC_I[1] in module blk_mem_output_block is either unconnected or has no load
WARNING: [Synth 8-7129] Port RDADDRECC_I[0] in module blk_mem_output_block is either unconnected or has no load
WARNING: [Synth 8-7129] Port DOUTB[35] in module blk_mem_gen_prim_wrapper_init is either unconnected or has no load
WARNING: [Synth 8-7129] Port DOUTB[34] in module blk_mem_gen_prim_wrapper_init is either unconnected or has no load
WARNING: [Synth 8-7129] Port DOUTB[33] in module blk_mem_gen_prim_wrapper_init is either unconnected or has no load
WARNING: [Synth 8-7129] Port DOUTB[32] in module blk_mem_gen_prim_wrapper_init is either unconnected or has no load
WARNING: [Synth 8-7129] Port DOUTB[31] in module blk_mem_gen_prim_wrapper_init is either unconnected or has no load
WARNING: [Synth 8-7129] Port DOUTB[30] in module blk_mem_gen_prim_wrapper_init is either unconnected or has no load
WARNING: [Synth 8-7129] Port DOUTB[29] in module blk_mem_gen_prim_wrapper_init is either unconnected or has no load
WARNING: [Synth 8-7129] Port DOUTB[28] in module blk_mem_gen_prim_wrapper_init is either unconnected or has no load
WARNING: [Synth 8-7129] Port DOUTB[27] in module blk_mem_gen_prim_wrapper_init is either unconnected or has no load
WARNING: [Synth 8-7129] Port DOUTB[26] in module blk_mem_gen_prim_wrapper_init is either unconnected or has no load
WARNING: [Synth 8-7129] Port DOUTB[25] in module blk_mem_gen_prim_wrapper_init is either unconnected or has no load
WARNING: [Synth 8-7129] Port DOUTB[24] in module blk_mem_gen_prim_wrapper_init is either unconnected or has no load
WARNING: [Synth 8-7129] Port DOUTB[23] in module blk_mem_gen_prim_wrapper_init is either unconnected or has no load
WARNING: [Synth 8-7129] Port DOUTB[22] in module blk_mem_gen_prim_wrapper_init is either unconnected or has no load
WARNING: [Synth 8-7129] Port DOUTB[21] in module blk_mem_gen_prim_wrapper_init is either unconnected or has no load
WARNING: [Synth 8-7129] Port DOUTB[20] in module blk_mem_gen_prim_wrapper_init is either unconnected or has no load
WARNING: [Synth 8-7129] Port DOUTB[19] in module blk_mem_gen_prim_wrapper_init is either unconnected or has no load
WARNING: [Synth 8-7129] Port DOUTB[18] in module blk_mem_gen_prim_wrapper_init is either unconnected or has no load
WARNING: [Synth 8-7129] Port DOUTB[17] in module blk_mem_gen_prim_wrapper_init is either unconnected or has no load
WARNING: [Synth 8-7129] Port DOUTB[16] in module blk_mem_gen_prim_wrapper_init is either unconnected or has no load
WARNING: [Synth 8-7129] Port DOUTB[15] in module blk_mem_gen_prim_wrapper_init is either unconnected or has no load
WARNING: [Synth 8-7129] Port DOUTB[14] in module blk_mem_gen_prim_wrapper_init is either unconnected or has no load
WARNING: [Synth 8-7129] Port DOUTB[13] in module blk_mem_gen_prim_wrapper_init is either unconnected or has no load
WARNING: [Synth 8-7129] Port DOUTB[12] in module blk_mem_gen_prim_wrapper_init is either unconnected or has no load
WARNING: [Synth 8-7129] Port DOUTB[11] in module blk_mem_gen_prim_wrapper_init is either unconnected or has no load
WARNING: [Synth 8-7129] Port DOUTB[10] in module blk_mem_gen_prim_wrapper_init is either unconnected or has no load
WARNING: [Synth 8-7129] Port DOUTB[9] in module blk_mem_gen_prim_wrapper_init is either unconnected or has no load
WARNING: [Synth 8-7129] Port DOUTB[8] in module blk_mem_gen_prim_wrapper_init is either unconnected or has no load
WARNING: [Synth 8-7129] Port DOUTB[7] in module blk_mem_gen_prim_wrapper_init is either unconnected or has no load
WARNING: [Synth 8-7129] Port DOUTB[6] in module blk_mem_gen_prim_wrapper_init is either unconnected or has no load
WARNING: [Synth 8-7129] Port DOUTB[5] in module blk_mem_gen_prim_wrapper_init is either unconnected or has no load
WARNING: [Synth 8-7129] Port DOUTB[4] in module blk_mem_gen_prim_wrapper_init is either unconnected or has no load
WARNING: [Synth 8-7129] Port DOUTB[3] in module blk_mem_gen_prim_wrapper_init is either unconnected or has no load
WARNING: [Synth 8-7129] Port DOUTB[2] in module blk_mem_gen_prim_wrapper_init is either unconnected or has no load
WARNING: [Synth 8-7129] Port DOUTB[1] in module blk_mem_gen_prim_wrapper_init is either unconnected or has no load
WARNING: [Synth 8-7129] Port DOUTB[0] in module blk_mem_gen_prim_wrapper_init is either unconnected or has no load
WARNING: [Synth 8-7129] Port SBITERR in module blk_mem_gen_prim_wrapper_init is either unconnected or has no load
WARNING: [Synth 8-7129] Port DBITERR in module blk_mem_gen_prim_wrapper_init is either unconnected or has no load
WARNING: [Synth 8-7129] Port SSRA in module blk_mem_gen_prim_wrapper_init is either unconnected or has no load
WARNING: [Synth 8-7129] Port CLKB in module blk_mem_gen_prim_wrapper_init is either unconnected or has no load
WARNING: [Synth 8-7129] Port SSRB in module blk_mem_gen_prim_wrapper_init is either unconnected or has no load
WARNING: [Synth 8-7129] Port ENB in module blk_mem_gen_prim_wrapper_init is either unconnected or has no load
WARNING: [Synth 8-7129] Port REGCEB in module blk_mem_gen_prim_wrapper_init is either unconnected or has no load
WARNING: [Synth 8-7129] Port WEB[0] in module blk_mem_gen_prim_wrapper_init is either unconnected or has no load
WARNING: [Synth 8-7129] Port ADDRB[9] in module blk_mem_gen_prim_wrapper_init is either unconnected or has no load
WARNING: [Synth 8-7129] Port ADDRB[8] in module blk_mem_gen_prim_wrapper_init is either unconnected or has no load
WARNING: [Synth 8-7129] Port ADDRB[7] in module blk_mem_gen_prim_wrapper_init is either unconnected or has no load
WARNING: [Synth 8-7129] Port ADDRB[6] in module blk_mem_gen_prim_wrapper_init is either unconnected or has no load
WARNING: [Synth 8-7129] Port ADDRB[5] in module blk_mem_gen_prim_wrapper_init is either unconnected or has no load
WARNING: [Synth 8-7129] Port ADDRB[4] in module blk_mem_gen_prim_wrapper_init is either unconnected or has no load
WARNING: [Synth 8-7129] Port ADDRB[3] in module blk_mem_gen_prim_wrapper_init is either unconnected or has no load
WARNING: [Synth 8-7129] Port ADDRB[2] in module blk_mem_gen_prim_wrapper_init is either unconnected or has no load
WARNING: [Synth 8-7129] Port ADDRB[1] in module blk_mem_gen_prim_wrapper_init is either unconnected or has no load
INFO: [Common 17-14] Message 'Synth 8-7129' appears 100 times and further instances of the messages will be disabled. Use the Tcl command set_msg_config to change the current settings.
---------------------------------------------------------------------------------
Finished RTL Elaboration : Time (s): cpu = 00:00:09 ; elapsed = 00:00:36 . Memory (MB): peak = 1557.879 ; gain = 751.883
---------------------------------------------------------------------------------
---------------------------------------------------------------------------------
Start Handling Custom Attributes
---------------------------------------------------------------------------------
---------------------------------------------------------------------------------
Finished Handling Custom Attributes : Time (s): cpu = 00:00:09 ; elapsed = 00:00:37 . Memory (MB): peak = 1557.879 ; gain = 751.883
---------------------------------------------------------------------------------
---------------------------------------------------------------------------------
Finished RTL Optimization Phase 1 : Time (s): cpu = 00:00:09 ; elapsed = 00:00:37 . Memory (MB): peak = 1557.879 ; gain = 751.883
---------------------------------------------------------------------------------
Netlist sorting complete. Time (s): cpu = 00:00:01 ; elapsed = 00:00:00.131 . Memory (MB): peak = 1557.879 ; gain = 0.000
INFO: [Netlist 29-17] Analyzing 41 Unisim elements for replacement
INFO: [Netlist 29-28] Unisim Transformation completed in 0 CPU seconds
INFO: [Project 1-570] Preparing netlist for logic optimization

Processing XDC Constraints
Initializing timing engine
Parsing XDC File [D:/CS/ZJU_CO/OExp02-IP2SOC/OExp02-IP2SOC.srcs/constrs_1/imports/OExp02-IP2SOC/A7.xdc]
Finished Parsing XDC File [D:/CS/ZJU_CO/OExp02-IP2SOC/OExp02-IP2SOC.srcs/constrs_1/imports/OExp02-IP2SOC/A7.xdc]
INFO: [Project 1-236] Implementation specific constraints were found while reading constraint file [D:/CS/ZJU_CO/OExp02-IP2SOC/OExp02-IP2SOC.srcs/constrs_1/imports/OExp02-IP2SOC/A7.xdc]. These constraints will be ignored for synthesis but will be used in implementation. Impacted constraints are listed in the file [.Xil/CSSTE_propImpl.xdc].
Resolution: To avoid this warning, move constraints listed in [.Xil/CSSTE_propImpl.xdc] to another XDC file and exclude this new file from synthesis with the used_in_synthesis property (File Properties dialog in GUI) and re-run elaboration/synthesis.
Parsing XDC File [D:/CS/ZJU_CO/OExp02-IP2SOC/OExp02-IP2SOC.runs/synth_1/dont_touch.xdc]
Finished Parsing XDC File [D:/CS/ZJU_CO/OExp02-IP2SOC/OExp02-IP2SOC.runs/synth_1/dont_touch.xdc]
Completed Processing XDC Constraints

Netlist sorting complete. Time (s): cpu = 00:00:00 ; elapsed = 00:00:00.002 . Memory (MB): peak = 1557.879 ; gain = 0.000
INFO: [Project 1-111] Unisim Transformation Summary:
  A total of 40 instances were transformed.
  AND2 => LUT2: 1 instance 
  AND3 => LUT3: 11 instances
  AND4 => LUT4: 9 instances
  INV => LUT1: 5 instances
  OR2 => LUT2: 7 instances
  OR3 => LUT3: 3 instances
  OR4 => LUT4: 4 instances

Constraint Validation Runtime : Time (s): cpu = 00:00:00 ; elapsed = 00:00:00.036 . Memory (MB): peak = 1557.879 ; gain = 0.000
INFO: [Designutils 20-5440] No compile time benefit to using incremental synthesis; A full resynthesis will be run
INFO: [Designutils 20-4379] Flow is switching to default flow due to incremental criteria not met. If you would like to alter this behaviour and have the flow terminate instead, please set the following parameter config_implementation {autoIncr.Synth.RejectBehavior Terminate}
INFO: [Synth 8-11241] undeclared symbol 'REGCCE', assumed default net type 'wire' [D:/Vivado/Vivado/2022.2/data/verilog/src/unimacro/BRAM_SINGLE_MACRO.v:2170]
---------------------------------------------------------------------------------
Finished Constraint Validation : Time (s): cpu = 00:00:13 ; elapsed = 00:01:00 . Memory (MB): peak = 1557.879 ; gain = 751.883
---------------------------------------------------------------------------------
---------------------------------------------------------------------------------
Start Loading Part and Timing Information
---------------------------------------------------------------------------------
Loading part: xc7a100tcsg324-1
---------------------------------------------------------------------------------
Finished Loading Part and Timing Information : Time (s): cpu = 00:00:13 ; elapsed = 00:01:00 . Memory (MB): peak = 1557.879 ; gain = 751.883
---------------------------------------------------------------------------------
---------------------------------------------------------------------------------
Start Applying 'set_property' XDC Constraints
---------------------------------------------------------------------------------
Applied set_property KEEP_HIERARCHY = SOFT for U6. (constraint file  auto generated constraint).
Applied set_property KEEP_HIERARCHY = SOFT for U2. (constraint file  auto generated constraint).
Applied set_property KEEP_HIERARCHY = SOFT for U3. (constraint file  auto generated constraint).
---------------------------------------------------------------------------------
Finished applying 'set_property' XDC Constraints : Time (s): cpu = 00:00:13 ; elapsed = 00:01:00 . Memory (MB): peak = 1557.879 ; gain = 751.883
---------------------------------------------------------------------------------
INFO: [Synth 8-802] inferred FSM for state register 'print_state_reg' in module 'uart_display'
---------------------------------------------------------------------------------------------------
                   State |                     New Encoding |                Previous Encoding 
---------------------------------------------------------------------------------------------------
              PRINT_IDLE |                   00000000000001 |                             0000
          PRINT_STR_INIT |                   00000000000010 |                             0001
       PRINT_SEND_CHAR_0 |                   00000000000100 |                             0010
         PRINT_SEND_CHAR |                   00000000001000 |                             0011
        PRINT_WAIT_RDY_0 |                   00000000010000 |                             0100
          PRINT_WAIT_RDY |                   00000000100000 |                             0101
         PRINT_CHAR_WAIT |                   00000001000000 |                             0110
             PRINT_RESET |                   00000010000000 |                             1001
 PRINT_RESET_SEND_CHAR_0 |                   00000100000000 |                             1010
   PRINT_RESET_SEND_CHAR |                   00001000000000 |                             1011
  PRINT_RESET_WAIT_RDY_0 |                   00010000000000 |                             1100
    PRINT_RESET_WAIT_RDY |                   00100000000000 |                             1101
        PRINT_DELAY_WAIT |                   01000000000000 |                             0111
         PRINT_ROUND_END |                   10000000000000 |                             1000
---------------------------------------------------------------------------------------------------
INFO: [Synth 8-3354] encoded FSM with state register 'print_state_reg' using encoding 'one-hot' in module 'uart_display'
---------------------------------------------------------------------------------
Finished RTL Optimization Phase 2 : Time (s): cpu = 00:00:15 ; elapsed = 00:01:13 . Memory (MB): peak = 1557.879 ; gain = 751.883
---------------------------------------------------------------------------------
---------------------------------------------------------------------------------
Start RTL Component Statistics 
---------------------------------------------------------------------------------
Detailed RTL Component Info : 
+---Adders : 
	   2 Input   32 Bit       Adders := 1     
	   2 Input   14 Bit       Adders := 1     
	   2 Input   11 Bit       Adders := 1     
	   2 Input    7 Bit       Adders := 272   
	   2 Input    4 Bit       Adders := 1     
+---Registers : 
	               32 Bit    Registers := 1     
	               14 Bit    Registers := 1     
	               11 Bit    Registers := 1     
	                8 Bit    Registers := 3     
	                4 Bit    Registers := 1     
	                2 Bit    Registers := 1     
	                1 Bit    Registers := 4     
+---Muxes : 
	   3 Input   14 Bit        Muxes := 1     
	   2 Input   14 Bit        Muxes := 8     
	   4 Input   14 Bit        Muxes := 1     
	  14 Input   14 Bit        Muxes := 1     
	   8 Input    8 Bit        Muxes := 1     
	   4 Input    8 Bit        Muxes := 1     
	   2 Input    8 Bit        Muxes := 1     
	   4 Input    4 Bit        Muxes := 1     
	   7 Input    2 Bit        Muxes := 1     
	   2 Input    2 Bit        Muxes := 1     
	   4 Input    1 Bit        Muxes := 3     
	   2 Input    1 Bit        Muxes := 4     
	  14 Input    1 Bit        Muxes := 1     
---------------------------------------------------------------------------------
Finished RTL Component Statistics 
---------------------------------------------------------------------------------
---------------------------------------------------------------------------------
Start Part Resource Summary
---------------------------------------------------------------------------------
Part Resources:
DSPs: 240 (col length:80)
BRAMs: 270 (col length: RAMB18 80 RAMB36 40)
---------------------------------------------------------------------------------
Finished Part Resource Summary
---------------------------------------------------------------------------------
---------------------------------------------------------------------------------
Start Cross Boundary and Area Optimization
---------------------------------------------------------------------------------
WARNING: [Synth 8-7080] Parallel synthesis criteria is not met
---------------------------------------------------------------------------------
Finished Cross Boundary and Area Optimization : Time (s): cpu = 00:00:19 ; elapsed = 00:01:39 . Memory (MB): peak = 1557.879 ; gain = 751.883
---------------------------------------------------------------------------------
---------------------------------------------------------------------------------
Start ROM, RAM, DSP, Shift Register and Retiming Reporting
---------------------------------------------------------------------------------

ROM: Preliminary Mapping Report
+---------------------+--------------------------------------------------------+---------------+----------------+
|Module Name          | RTL Object                                             | Depth x Width | Implemented As | 
+---------------------+--------------------------------------------------------+---------------+----------------+
|rom                  | rom[1023]                                              | 1024x21       | LUT            | 
|dist_mem_gen_v8_0_13 | synth_options.dist_mem_inst/gen_rom.rom_inst/rom[1023] | 1024x21       | LUT            | 
+---------------------+--------------------------------------------------------+---------------+----------------+

---------------------------------------------------------------------------------
Finished ROM, RAM, DSP, Shift Register and Retiming Reporting
---------------------------------------------------------------------------------
---------------------------------------------------------------------------------
Start Applying XDC Timing Constraints
---------------------------------------------------------------------------------
---------------------------------------------------------------------------------
Finished Applying XDC Timing Constraints : Time (s): cpu = 00:00:21 ; elapsed = 00:01:54 . Memory (MB): peak = 1557.879 ; gain = 751.883
---------------------------------------------------------------------------------
---------------------------------------------------------------------------------
Start Timing Optimization
---------------------------------------------------------------------------------
---------------------------------------------------------------------------------
Finished Timing Optimization : Time (s): cpu = 00:00:21 ; elapsed = 00:01:54 . Memory (MB): peak = 1557.879 ; gain = 751.883
---------------------------------------------------------------------------------
---------------------------------------------------------------------------------
Start Technology Mapping
---------------------------------------------------------------------------------
---------------------------------------------------------------------------------
Finished Technology Mapping : Time (s): cpu = 00:00:21 ; elapsed = 00:01:54 . Memory (MB): peak = 1557.879 ; gain = 751.883
---------------------------------------------------------------------------------
---------------------------------------------------------------------------------
Start IO Insertion
---------------------------------------------------------------------------------
---------------------------------------------------------------------------------
Start Flattening Before IO Insertion
---------------------------------------------------------------------------------
---------------------------------------------------------------------------------
Finished Flattening Before IO Insertion
---------------------------------------------------------------------------------
---------------------------------------------------------------------------------
Start Final Netlist Cleanup
---------------------------------------------------------------------------------
---------------------------------------------------------------------------------
Finished Final Netlist Cleanup
---------------------------------------------------------------------------------
CRITICAL WARNING: [Synth 8-4442] BlackBox module U9 has unconnected pin readn
---------------------------------------------------------------------------------
Finished IO Insertion : Time (s): cpu = 00:00:23 ; elapsed = 00:02:06 . Memory (MB): peak = 1557.879 ; gain = 751.883
---------------------------------------------------------------------------------
---------------------------------------------------------------------------------
Start Renaming Generated Instances
---------------------------------------------------------------------------------
---------------------------------------------------------------------------------
Finished Renaming Generated Instances : Time (s): cpu = 00:00:23 ; elapsed = 00:02:06 . Memory (MB): peak = 1557.879 ; gain = 751.883
---------------------------------------------------------------------------------
---------------------------------------------------------------------------------
Start Rebuilding User Hierarchy
---------------------------------------------------------------------------------
---------------------------------------------------------------------------------
Finished Rebuilding User Hierarchy : Time (s): cpu = 00:00:23 ; elapsed = 00:02:06 . Memory (MB): peak = 1557.879 ; gain = 751.883
---------------------------------------------------------------------------------
---------------------------------------------------------------------------------
Start Renaming Generated Ports
---------------------------------------------------------------------------------
---------------------------------------------------------------------------------
Finished Renaming Generated Ports : Time (s): cpu = 00:00:23 ; elapsed = 00:02:06 . Memory (MB): peak = 1557.879 ; gain = 751.883
---------------------------------------------------------------------------------
---------------------------------------------------------------------------------
Start Handling Custom Attributes
---------------------------------------------------------------------------------
---------------------------------------------------------------------------------
Finished Handling Custom Attributes : Time (s): cpu = 00:00:23 ; elapsed = 00:02:06 . Memory (MB): peak = 1557.879 ; gain = 751.883
---------------------------------------------------------------------------------
---------------------------------------------------------------------------------
Start Renaming Generated Nets
---------------------------------------------------------------------------------
---------------------------------------------------------------------------------
Finished Renaming Generated Nets : Time (s): cpu = 00:00:23 ; elapsed = 00:02:06 . Memory (MB): peak = 1557.879 ; gain = 751.883
---------------------------------------------------------------------------------
---------------------------------------------------------------------------------
Start Writing Synthesis Report
---------------------------------------------------------------------------------

Report BlackBoxes: 
+------+--------------+----------+
|      |BlackBox name |Instances |
+------+--------------+----------+
|1     |SAnti_jitter  |         1|
|2     |clk_div       |         1|
|3     |Counter_x     |         1|
|4     |MIO_BUS       |         1|
|5     |Multi_8CH32   |         1|
|6     |SPIO          |         1|
|7     |SCPU_ctrl     |         1|
|8     |DataPath      |         1|
+------+--------------+----------+

Report Cell Usage: 
+------+------------------+------+
|      |Cell              |Count |
+------+------------------+------+
|1     |Counter_x_bbox    |     1|
|2     |DataPath_bbox     |     1|
|3     |MIO_BUS_bbox      |     1|
|4     |Multi_8CH32_bbox  |     1|
|5     |SAnti_jitter_bbox |     1|
|6     |SCPU_ctrl_bbox    |     1|
|7     |SPIO_bbox         |     1|
|8     |clk_div_bbox      |     1|
|9     |AND2              |     1|
|10    |AND3              |    11|
|11    |AND4              |     9|
|12    |BUFG              |     1|
|13    |CARRY4            |    23|
|14    |INV               |     5|
|15    |LUT1              |    20|
|16    |LUT2              |    17|
|17    |LUT3              |    43|
|18    |LUT4              |    46|
|19    |LUT5              |    53|
|20    |LUT6              |   148|
|21    |MUXF7             |    51|
|22    |MUXF8             |     6|
|23    |OR2               |     7|
|24    |OR3               |     3|
|25    |OR4               |     4|
|26    |RAMB36E1          |     1|
|27    |FDRE              |   137|
|28    |IBUF              |    22|
|29    |OBUF              |    33|
|30    |OBUFT             |    14|
+------+------------------+------+
---------------------------------------------------------------------------------
Finished Writing Synthesis Report : Time (s): cpu = 00:00:23 ; elapsed = 00:02:06 . Memory (MB): peak = 1557.879 ; gain = 751.883
---------------------------------------------------------------------------------
Synthesis finished with 0 errors, 1 critical warnings and 362 warnings.
Synthesis Optimization Runtime : Time (s): cpu = 00:00:12 ; elapsed = 00:01:58 . Memory (MB): peak = 1557.879 ; gain = 751.883
Synthesis Optimization Complete : Time (s): cpu = 00:00:23 ; elapsed = 00:02:06 . Memory (MB): peak = 1557.879 ; gain = 751.883
INFO: [Project 1-571] Translating synthesized netlist
Parsing EDIF File [D:/CS/ZJU_CO/OExp02-IP2SOC/OExp02-IP2SOC.srcs/sources_1/imports/IP/SAnti_jitter.edf]
Finished Parsing EDIF File [D:/CS/ZJU_CO/OExp02-IP2SOC/OExp02-IP2SOC.srcs/sources_1/imports/IP/SAnti_jitter.edf]
Parsing EDIF File [D:/CS/ZJU_CO/OExp02-IP2SOC/OExp02-IP2SOC.srcs/sources_1/imports/IP/clk_div.edf]
Finished Parsing EDIF File [D:/CS/ZJU_CO/OExp02-IP2SOC/OExp02-IP2SOC.srcs/sources_1/imports/IP/clk_div.edf]
Parsing EDIF File [D:/CS/ZJU_CO/OExp02-IP2SOC/OExp02-IP2SOC.srcs/sources_1/imports/IP/Counter_x.edf]
Finished Parsing EDIF File [D:/CS/ZJU_CO/OExp02-IP2SOC/OExp02-IP2SOC.srcs/sources_1/imports/IP/Counter_x.edf]
Parsing EDIF File [D:/CS/ZJU_CO/OExp02-IP2SOC/OExp02-IP2SOC.srcs/sources_1/imports/IP/MIO_BUS.edf]
Finished Parsing EDIF File [D:/CS/ZJU_CO/OExp02-IP2SOC/OExp02-IP2SOC.srcs/sources_1/imports/IP/MIO_BUS.edf]
Parsing EDIF File [D:/CS/ZJU_CO/OExp02-IP2SOC/OExp02-IP2SOC.srcs/sources_1/imports/IP/Multi_8CH32.edf]
Finished Parsing EDIF File [D:/CS/ZJU_CO/OExp02-IP2SOC/OExp02-IP2SOC.srcs/sources_1/imports/IP/Multi_8CH32.edf]
Parsing EDIF File [D:/CS/ZJU_CO/OExp02-IP2SOC/OExp02-IP2SOC.srcs/sources_1/imports/IP/SPIO.edf]
Finished Parsing EDIF File [D:/CS/ZJU_CO/OExp02-IP2SOC/OExp02-IP2SOC.srcs/sources_1/imports/IP/SPIO.edf]
Parsing EDIF File [D:/CS/ZJU_CO/OExp02-IP2SOC/OExp02-IP2SOC.srcs/sources_1/imports/Lab4-0-attachment/SCPU_ctrl.edf]
Finished Parsing EDIF File [D:/CS/ZJU_CO/OExp02-IP2SOC/OExp02-IP2SOC.srcs/sources_1/imports/Lab4-0-attachment/SCPU_ctrl.edf]
Parsing EDIF File [D:/CS/ZJU_CO/OExp02-IP2SOC/OExp02-IP2SOC.srcs/sources_1/imports/Lab4-0-attachment/DataPath.edf]
Finished Parsing EDIF File [D:/CS/ZJU_CO/OExp02-IP2SOC/OExp02-IP2SOC.srcs/sources_1/imports/Lab4-0-attachment/DataPath.edf]
Netlist sorting complete. Time (s): cpu = 00:00:00 ; elapsed = 00:00:00.065 . Memory (MB): peak = 1557.879 ; gain = 0.000
INFO: [Netlist 29-17] Analyzing 539 Unisim elements for replacement
INFO: [Netlist 29-28] Unisim Transformation completed in 0 CPU seconds
INFO: [Project 1-479] Netlist was created with Vivado 2017.4
INFO: [Project 1-570] Preparing netlist for logic optimization
INFO: [Opt 31-138] Pushed 1 inverter(s) to 2 load pin(s).
Netlist sorting complete. Time (s): cpu = 00:00:00 ; elapsed = 00:00:00.003 . Memory (MB): peak = 1557.879 ; gain = 0.000
INFO: [Project 1-111] Unisim Transformation Summary:
  A total of 40 instances were transformed.
  AND2 => LUT2: 1 instance 
  AND3 => LUT3: 11 instances
  AND4 => LUT4: 9 instances
  INV => LUT1: 5 instances
  OR2 => LUT2: 7 instances
  OR3 => LUT3: 3 instances
  OR4 => LUT4: 4 instances

Synth Design complete, checksum: 7b16aaaf
INFO: [Common 17-83] Releasing license: Synthesis
85 Infos, 159 Warnings, 1 Critical Warnings and 0 Errors encountered.
synth_design completed successfully
synth_design: Time (s): cpu = 00:00:26 ; elapsed = 00:02:14 . Memory (MB): peak = 1557.879 ; gain = 1148.582
INFO: [Common 17-600] The following parameters have non-default value.
general.maxThreads
INFO: [runtcl-6] Synthesis results are not added to the cache due to CRITICAL_WARNING
INFO: [Common 17-1381] The checkpoint 'D:/CS/ZJU_CO/OExp02-IP2SOC/OExp02-IP2SOC.runs/synth_1/CSSTE.dcp' has been generated.
INFO: [runtcl-4] Executing : report_utilization -file CSSTE_utilization_synth.rpt -pb CSSTE_utilization_synth.pb
INFO: [Common 17-206] Exiting Vivado at Fri May  3 19:45:22 2024...
