
*** Running vivado
    with args -log VGA.vds -m64 -product Vivado -mode batch -messageDb vivado.pb -notrace -source VGA.tcl


****** Vivado v2017.4 (64-bit)
  **** SW Build 2086221 on Fri Dec 15 20:55:39 MST 2017
  **** IP Build 2085800 on Fri Dec 15 22:25:07 MST 2017
    ** Copyright 1986-2017 Xilinx, Inc. All Rights Reserved.

source VGA.tcl -notrace
Command: synth_design -top VGA -part xc7a100tcsg324-1 -mode out_of_context
Starting synth_design
Attempting to get a license for feature 'Synthesis' and/or device 'xc7a100t'
INFO: [Common 17-349] Got license for feature 'Synthesis' and/or device 'xc7a100t'
INFO: Launching helper process for spawning children vivado processes
INFO: Helper process launched with PID 22568 
---------------------------------------------------------------------------------
Starting Synthesize : Time (s): cpu = 00:00:03 ; elapsed = 00:00:04 . Memory (MB): peak = 388.078 ; gain = 98.559
---------------------------------------------------------------------------------
INFO: [Synth 8-638] synthesizing module 'VGA' [C:/Users/asus/Desktop/VGA/VGA.srcs/sources_1/new/VGA.v:23]
INFO: [Synth 8-638] synthesizing module 'VgaController' [C:/Users/asus/Desktop/VGA/VGA.srcs/sources_1/new/VgaController.v:23]
	Parameter HS_1 bound to: 96 - type: integer 
	Parameter VS_1 bound to: 2 - type: integer 
	Parameter HS_2 bound to: 147 - type: integer 
	Parameter VS_2 bound to: 35 - type: integer 
	Parameter WIDTH bound to: 640 - type: integer 
	Parameter HEIGHT bound to: 480 - type: integer 
INFO: [Synth 8-256] done synthesizing module 'VgaController' (1#1) [C:/Users/asus/Desktop/VGA/VGA.srcs/sources_1/new/VgaController.v:23]
INFO: [Synth 8-638] synthesizing module 'VgaDisplay' [C:/Users/asus/Desktop/VGA/VGA.srcs/sources_1/new/VgaDisplay.v:23]
INFO: [Synth 8-5534] Detected attribute (* ram_style = "block" *) [C:/Users/asus/Desktop/VGA/VGA.srcs/sources_1/new/VgaDisplay.v:36]
INFO: [Synth 8-3876] $readmem data file 'D://vga_debugger.mem' is read successfully [C:/Users/asus/Desktop/VGA/VGA.srcs/sources_1/new/VgaDisplay.v:37]
INFO: [Synth 8-5534] Detected attribute (* ram_style = "block" *) [C:/Users/asus/Desktop/VGA/VGA.srcs/sources_1/new/VgaDisplay.v:46]
INFO: [Synth 8-3876] $readmem data file 'D://font_8x16.mem' is read successfully [C:/Users/asus/Desktop/VGA/VGA.srcs/sources_1/new/VgaDisplay.v:47]
INFO: [Synth 8-256] done synthesizing module 'VgaDisplay' (2#1) [C:/Users/asus/Desktop/VGA/VGA.srcs/sources_1/new/VgaDisplay.v:23]
INFO: [Synth 8-638] synthesizing module 'VgaDebugger' [C:/Users/asus/Desktop/VGA/VGA.srcs/sources_1/new/VgaDebugger.v:23]
INFO: [Synth 8-638] synthesizing module 'Hex2Ascii' [C:/Users/asus/Desktop/VGA/VGA.srcs/sources_1/new/Hex2Ascii.v:23]
INFO: [Synth 8-256] done synthesizing module 'Hex2Ascii' (3#1) [C:/Users/asus/Desktop/VGA/VGA.srcs/sources_1/new/Hex2Ascii.v:23]
INFO: [Synth 8-256] done synthesizing module 'VgaDebugger' (4#1) [C:/Users/asus/Desktop/VGA/VGA.srcs/sources_1/new/VgaDebugger.v:23]
INFO: [Synth 8-256] done synthesizing module 'VGA' (5#1) [C:/Users/asus/Desktop/VGA/VGA.srcs/sources_1/new/VGA.v:23]
---------------------------------------------------------------------------------
Finished Synthesize : Time (s): cpu = 00:00:04 ; elapsed = 00:00:04 . Memory (MB): peak = 439.734 ; gain = 150.215
---------------------------------------------------------------------------------
---------------------------------------------------------------------------------
Finished Constraint Validation : Time (s): cpu = 00:00:04 ; elapsed = 00:00:04 . Memory (MB): peak = 439.734 ; gain = 150.215
---------------------------------------------------------------------------------
---------------------------------------------------------------------------------
Start Loading Part and Timing Information
---------------------------------------------------------------------------------
Loading part: xc7a100tcsg324-1
---------------------------------------------------------------------------------
Finished Loading Part and Timing Information : Time (s): cpu = 00:00:04 ; elapsed = 00:00:04 . Memory (MB): peak = 439.734 ; gain = 150.215
---------------------------------------------------------------------------------
INFO: [Device 21-403] Loading part xc7a100tcsg324-1
INFO: [Synth 8-5546] ROM "v_count" won't be mapped to RAM because it is too sparse
INFO: [Synth 8-5547] Trying to map ROM "fonts_data" into Block RAM due to explicit "ram_style" or "rom_style" specification
INFO: [Synth 8-5546] ROM "display_wen" won't be mapped to RAM because it is too sparse
---------------------------------------------------------------------------------
Finished RTL Optimization Phase 2 : Time (s): cpu = 00:00:11 ; elapsed = 00:00:10 . Memory (MB): peak = 617.852 ; gain = 328.332
---------------------------------------------------------------------------------

Report RTL Partitions: 
+-+--------------+------------+----------+
| |RTL Partition |Replication |Instances |
+-+--------------+------------+----------+
+-+--------------+------------+----------+
No constraint files found.
---------------------------------------------------------------------------------
Start RTL Component Statistics 
---------------------------------------------------------------------------------
Detailed RTL Component Info : 
+---Adders : 
	   2 Input     12 Bit       Adders := 1     
	   2 Input     10 Bit       Adders := 3     
	   2 Input      9 Bit       Adders := 1     
	   3 Input      8 Bit       Adders := 1     
+---Registers : 
	               12 Bit    Registers := 1     
	               10 Bit    Registers := 2     
	                1 Bit    Registers := 2     
+---Muxes : 
	   2 Input     12 Bit        Muxes := 1     
	   2 Input     10 Bit        Muxes := 1     
	   2 Input      9 Bit        Muxes := 1     
	 449 Input      4 Bit        Muxes := 1     
	   2 Input      1 Bit        Muxes := 1     
	 449 Input      1 Bit        Muxes := 1     
---------------------------------------------------------------------------------
Finished RTL Component Statistics 
---------------------------------------------------------------------------------
---------------------------------------------------------------------------------
Start RTL Hierarchical Component Statistics 
---------------------------------------------------------------------------------
Hierarchical RTL Component report 
Module VgaController 
Detailed RTL Component Info : 
+---Adders : 
	   2 Input     10 Bit       Adders := 3     
	   2 Input      9 Bit       Adders := 1     
+---Registers : 
	               10 Bit    Registers := 2     
	                1 Bit    Registers := 2     
+---Muxes : 
	   2 Input     10 Bit        Muxes := 1     
	   2 Input      9 Bit        Muxes := 1     
	   2 Input      1 Bit        Muxes := 1     
Module VgaDisplay 
Detailed RTL Component Info : 
+---Adders : 
	   3 Input      8 Bit       Adders := 1     
Module VgaDebugger 
Detailed RTL Component Info : 
+---Adders : 
	   2 Input     12 Bit       Adders := 1     
+---Registers : 
	               12 Bit    Registers := 1     
+---Muxes : 
	   2 Input     12 Bit        Muxes := 1     
	 449 Input      4 Bit        Muxes := 1     
	 449 Input      1 Bit        Muxes := 1     
---------------------------------------------------------------------------------
Finished RTL Hierarchical Component Statistics
---------------------------------------------------------------------------------
---------------------------------------------------------------------------------
Start Part Resource Summary
---------------------------------------------------------------------------------
Part Resources:
DSPs: 240 (col length:80)
BRAMs: 270 (col length: RAMB18 80 RAMB36 40)
---------------------------------------------------------------------------------
Finished Part Resource Summary
---------------------------------------------------------------------------------
No constraint files found.
---------------------------------------------------------------------------------
Start Cross Boundary and Area Optimization
---------------------------------------------------------------------------------
INFO: [Synth 8-5546] ROM "vga_controller/v_count" won't be mapped to RAM because it is too sparse
INFO: [Synth 8-5547] Trying to map ROM "p_0_out" into Block RAM due to explicit "ram_style" or "rom_style" specification
INFO: [Synth 8-5546] ROM "vga_debugger/display_wen" won't be mapped to RAM because it is too sparse
WARNING: [Synth 8-3463] Infeasible ramstyle = block set for RAM vga_display/display_data_reg,trying to implement using LUTRAM
WARNING: [Synth 8-3463] Infeasible ramstyle = block set for RAM vga_display/display_data_reg,trying to implement using LUTRAM
---------------------------------------------------------------------------------
Finished Cross Boundary and Area Optimization : Time (s): cpu = 00:00:19 ; elapsed = 00:00:17 . Memory (MB): peak = 692.945 ; gain = 403.426
---------------------------------------------------------------------------------
---------------------------------------------------------------------------------
Start ROM, RAM, DSP and Shift Register Reporting
---------------------------------------------------------------------------------

ROM:
+------------+------------+---------------+----------------+
|Module Name | RTL Object | Depth x Width | Implemented As | 
+------------+------------+---------------+----------------+
|VgaDisplay  | p_0_out    | 4096x8        | LUT            | 
|VGA         | p_0_out    | 4096x8        | LUT            | 
+------------+------------+---------------+----------------+


Distributed RAM: Preliminary Mapping  Report (see note below)
+------------+------------------------------+-----------+----------------------+--------------------------------+
|Module Name | RTL Object                   | Inference | Size (Depth x Width) | Primitives                     | 
+------------+------------------------------+-----------+----------------------+--------------------------------+
|VGA         | vga_display/display_data_reg | Implied   | 4 K x 7              | RAM64X1D x 128  RAM64M x 128   | 
+------------+------------------------------+-----------+----------------------+--------------------------------+

Note: The table above is a preliminary report that shows the Distributed RAMs at the current stage of the synthesis flow. Some Distributed RAMs may be reimplemented as non Distributed RAM primitives later in the synthesis flow. Multiple instantiated RAMs are reported only once.
---------------------------------------------------------------------------------
Finished ROM, RAM, DSP and Shift Register Reporting
---------------------------------------------------------------------------------

Report RTL Partitions: 
+-+--------------+------------+----------+
| |RTL Partition |Replication |Instances |
+-+--------------+------------+----------+
+-+--------------+------------+----------+
No constraint files found.
---------------------------------------------------------------------------------
Start Timing Optimization
---------------------------------------------------------------------------------
---------------------------------------------------------------------------------
Finished Timing Optimization : Time (s): cpu = 00:00:19 ; elapsed = 00:00:18 . Memory (MB): peak = 692.945 ; gain = 403.426
---------------------------------------------------------------------------------
---------------------------------------------------------------------------------
Start ROM, RAM, DSP and Shift Register Reporting
---------------------------------------------------------------------------------

Distributed RAM: Final Mapping  Report
+------------+------------------------------+-----------+----------------------+--------------------------------+
|Module Name | RTL Object                   | Inference | Size (Depth x Width) | Primitives                     | 
+------------+------------------------------+-----------+----------------------+--------------------------------+
|VGA         | vga_display/display_data_reg | Implied   | 4 K x 7              | RAM64X1D x 128  RAM64M x 128   | 
+------------+------------------------------+-----------+----------------------+--------------------------------+

---------------------------------------------------------------------------------
Finished ROM, RAM, DSP and Shift Register Reporting
---------------------------------------------------------------------------------

Report RTL Partitions: 
+-+--------------+------------+----------+
| |RTL Partition |Replication |Instances |
+-+--------------+------------+----------+
+-+--------------+------------+----------+
---------------------------------------------------------------------------------
Start Technology Mapping
---------------------------------------------------------------------------------
---------------------------------------------------------------------------------
Finished Technology Mapping : Time (s): cpu = 00:00:19 ; elapsed = 00:00:18 . Memory (MB): peak = 692.945 ; gain = 403.426
---------------------------------------------------------------------------------

Report RTL Partitions: 
+-+--------------+------------+----------+
| |RTL Partition |Replication |Instances |
+-+--------------+------------+----------+
+-+--------------+------------+----------+
---------------------------------------------------------------------------------
Start IO Insertion
---------------------------------------------------------------------------------
---------------------------------------------------------------------------------
Start Flattening Before IO Insertion
---------------------------------------------------------------------------------
---------------------------------------------------------------------------------
Finished Flattening Before IO Insertion
---------------------------------------------------------------------------------
---------------------------------------------------------------------------------
Start Final Netlist Cleanup
---------------------------------------------------------------------------------
---------------------------------------------------------------------------------
Finished Final Netlist Cleanup
---------------------------------------------------------------------------------
---------------------------------------------------------------------------------
Finished IO Insertion : Time (s): cpu = 00:00:20 ; elapsed = 00:00:19 . Memory (MB): peak = 692.945 ; gain = 403.426
---------------------------------------------------------------------------------

Report Check Netlist: 
+------+------------------+-------+---------+-------+------------------+
|      |Item              |Errors |Warnings |Status |Description       |
+------+------------------+-------+---------+-------+------------------+
|1     |multi_driven_nets |      0|        0|Passed |Multi driven nets |
+------+------------------+-------+---------+-------+------------------+
---------------------------------------------------------------------------------
Start Renaming Generated Instances
---------------------------------------------------------------------------------
---------------------------------------------------------------------------------
Finished Renaming Generated Instances : Time (s): cpu = 00:00:20 ; elapsed = 00:00:19 . Memory (MB): peak = 692.945 ; gain = 403.426
---------------------------------------------------------------------------------

Report RTL Partitions: 
+-+--------------+------------+----------+
| |RTL Partition |Replication |Instances |
+-+--------------+------------+----------+
+-+--------------+------------+----------+
---------------------------------------------------------------------------------
Start Rebuilding User Hierarchy
---------------------------------------------------------------------------------
---------------------------------------------------------------------------------
Finished Rebuilding User Hierarchy : Time (s): cpu = 00:00:20 ; elapsed = 00:00:19 . Memory (MB): peak = 692.945 ; gain = 403.426
---------------------------------------------------------------------------------
---------------------------------------------------------------------------------
Start Renaming Generated Ports
---------------------------------------------------------------------------------
---------------------------------------------------------------------------------
Finished Renaming Generated Ports : Time (s): cpu = 00:00:20 ; elapsed = 00:00:19 . Memory (MB): peak = 692.945 ; gain = 403.426
---------------------------------------------------------------------------------
---------------------------------------------------------------------------------
Start Handling Custom Attributes
---------------------------------------------------------------------------------
---------------------------------------------------------------------------------
Finished Handling Custom Attributes : Time (s): cpu = 00:00:20 ; elapsed = 00:00:19 . Memory (MB): peak = 692.945 ; gain = 403.426
---------------------------------------------------------------------------------
---------------------------------------------------------------------------------
Start Renaming Generated Nets
---------------------------------------------------------------------------------
---------------------------------------------------------------------------------
Finished Renaming Generated Nets : Time (s): cpu = 00:00:20 ; elapsed = 00:00:19 . Memory (MB): peak = 692.945 ; gain = 403.426
---------------------------------------------------------------------------------
---------------------------------------------------------------------------------
Start Writing Synthesis Report
---------------------------------------------------------------------------------

Report BlackBoxes: 
+-+--------------+----------+
| |BlackBox name |Instances |
+-+--------------+----------+
+-+--------------+----------+

Report Cell Usage: 
+------+---------+------+
|      |Cell     |Count |
+------+---------+------+
|1     |CARRY4   |    11|
|2     |LUT1     |     5|
|3     |LUT2     |    73|
|4     |LUT3     |    57|
|5     |LUT4     |    65|
|6     |LUT5     |    83|
|7     |LUT6     |   868|
|8     |MUXF7    |   256|
|9     |MUXF8    |   124|
|10    |RAM64M   |   128|
|11    |RAM64X1D |   128|
|12    |FDRE     |    45|
|13    |FDSE     |     2|
+------+---------+------+

Report Instance Areas: 
+------+-----------------+--------------+------+
|      |Instance         |Module        |Cells |
+------+-----------------+--------------+------+
|1     |top              |              |  1845|
|2     |  vga_controller |VgaController |   813|
|3     |  vga_debugger   |VgaDebugger   |   460|
|4     |  vga_display    |VgaDisplay    |   572|
+------+-----------------+--------------+------+
---------------------------------------------------------------------------------
Finished Writing Synthesis Report : Time (s): cpu = 00:00:20 ; elapsed = 00:00:19 . Memory (MB): peak = 692.945 ; gain = 403.426
---------------------------------------------------------------------------------
Synthesis finished with 0 errors, 0 critical warnings and 2 warnings.
Synthesis Optimization Runtime : Time (s): cpu = 00:00:20 ; elapsed = 00:00:19 . Memory (MB): peak = 692.945 ; gain = 403.426
Synthesis Optimization Complete : Time (s): cpu = 00:00:20 ; elapsed = 00:00:19 . Memory (MB): peak = 692.945 ; gain = 403.426
INFO: [Project 1-571] Translating synthesized netlist
INFO: [Netlist 29-17] Analyzing 647 Unisim elements for replacement
INFO: [Netlist 29-28] Unisim Transformation completed in 0 CPU seconds
INFO: [Project 1-570] Preparing netlist for logic optimization
INFO: [Opt 31-138] Pushed 0 inverter(s) to 0 load pin(s).
INFO: [Project 1-111] Unisim Transformation Summary:
  A total of 256 instances were transformed.
  RAM64M => RAM64M (RAMD64E, RAMD64E, RAMD64E, RAMD64E): 128 instances
  RAM64X1D => RAM64X1D (RAMD64E, RAMD64E): 128 instances

INFO: [Common 17-83] Releasing license: Synthesis
29 Infos, 2 Warnings, 0 Critical Warnings and 0 Errors encountered.
synth_design completed successfully
synth_design: Time (s): cpu = 00:00:24 ; elapsed = 00:00:23 . Memory (MB): peak = 748.094 ; gain = 470.988
INFO: [Timing 38-35] Done setting XDC timing constraints.
INFO: [Common 17-1381] The checkpoint 'C:/Users/asus/Desktop/VGA/VGA.runs/synth_1/VGA.dcp' has been generated.
write_checkpoint: Time (s): cpu = 00:00:07 ; elapsed = 00:00:08 . Memory (MB): peak = 1223.898 ; gain = 475.805
INFO: [runtcl-4] Executing : report_utilization -file VGA_utilization_synth.rpt -pb VGA_utilization_synth.pb
report_utilization: Time (s): cpu = 00:00:00 ; elapsed = 00:00:00.037 . Memory (MB): peak = 1223.898 ; gain = 0.000
INFO: [Common 17-206] Exiting Vivado at Thu Feb 29 13:44:29 2024...
